[ 2017-12-12T16:52:38+08:00 ] ::1 /wechat/index.php/Home/login/login
INFO: [ app_init ] --START--
INFO: Run Behavior\BuildLiteBehavior [ RunTime:0.000000s ]
INFO: [ app_init ] --END-- [ RunTime:0.000000s ]
INFO: [ app_begin ] --START--
INFO: Run Behavior\ReadHtmlCacheBehavior [ RunTime:0.000000s ]
INFO: Run Behavior\CheckLangBehavior [ RunTime:0.000000s ]
INFO: [ app_begin ] --END-- [ RunTime:0.000000s ]
INFO: [ view_parse ] --START--
INFO: [ template_filter ] --START--
INFO: Run Behavior\ContentReplaceBehavior [ RunTime:0.000000s ]
INFO: [ template_filter ] --END-- [ RunTime:0.000000s ]
INFO: Run Behavior\ParseTemplateBehavior [ RunTime:0.007000s ]
INFO: [ view_parse ] --END-- [ RunTime:0.007000s ]
INFO: [ view_filter ] --START--
INFO: Run Behavior\WriteHtmlCacheBehavior [ RunTime:0.001000s ]
INFO: [ view_filter ] --END-- [ RunTime:0.001000s ]
INFO: [ app_end ] --START--
INFO: Run Behavior\ShowPageTraceBehavior [ RunTime:0.000000s ]
INFO: [ app_end ] --END-- [ RunTime:0.000000s ]

[ 2017-12-12T16:52:38+08:00 ] ::1 /wechat/index.php/Home/login/verify_c.html
INFO: [ app_init ] --START--
INFO: Run Behavior\BuildLiteBehavior [ RunTime:0.000000s ]
INFO: [ app_init ] --END-- [ RunTime:0.000000s ]
INFO: [ app_begin ] --START--
INFO: Run Behavior\ReadHtmlCacheBehavior [ RunTime:0.000000s ]
INFO: Run Behavior\CheckLangBehavior [ RunTime:0.001000s ]
INFO: [ app_begin ] --END-- [ RunTime:0.001000s ]
INFO: [ app_end ] --START--
INFO: Run Behavior\ShowPageTraceBehavior [ RunTime:0.001000s ]
INFO: [ app_end ] --END-- [ RunTime:0.001000s ]

[ 2017-12-12T17:15:04+08:00 ] ::1 /wechat/index.php/Home/login/verify_c.html
INFO: [ app_init ] --START--
INFO: Run Behavior\BuildLiteBehavior [ RunTime:0.000000s ]
INFO: [ app_init ] --END-- [ RunTime:0.001000s ]
INFO: [ app_begin ] --START--
INFO: Run Behavior\ReadHtmlCacheBehavior [ RunTime:0.001000s ]
INFO: Run Behavior\CheckLangBehavior [ RunTime:0.001000s ]
INFO: [ app_begin ] --END-- [ RunTime:0.002000s ]
INFO: [ app_end ] --START--
INFO: Run Behavior\ShowPageTraceBehavior [ RunTime:0.001000s ]
INFO: [ app_end ] --END-- [ RunTime:0.001000s ]

[ 2017-12-12T17:15:14+08:00 ] ::1 /wechat/index.php/Home/login/verify_c.html?0.6847443586742623
INFO: [ app_init ] --START--
INFO: Run Behavior\BuildLiteBehavior [ RunTime:0.000000s ]
INFO: [ app_init ] --END-- [ RunTime:0.001000s ]
INFO: [ app_begin ] --START--
INFO: Run Behavior\ReadHtmlCacheBehavior [ RunTime:0.002000s ]
INFO: Run Behavior\CheckLangBehavior [ RunTime:0.001000s ]
INFO: [ app_begin ] --END-- [ RunTime:0.003000s ]
INFO: [ app_end ] --START--
INFO: Run Behavior\ShowPageTraceBehavior [ RunTime:0.001000s ]
INFO: [ app_end ] --END-- [ RunTime:0.001000s ]

[ 2017-12-12T17:15:19+08:00 ] ::1 /wechat/index.php/Home/Login/loginCheck.html
INFO: [ app_init ] --START--
INFO: Run Behavior\BuildLiteBehavior [ RunTime:0.000000s ]
INFO: [ app_init ] --END-- [ RunTime:0.001000s ]
INFO: [ app_begin ] --START--
INFO: Run Behavior\ReadHtmlCacheBehavior [ RunTime:0.001000s ]
INFO: Run Behavior\CheckLangBehavior [ RunTime:0.001000s ]
INFO: [ app_begin ] --END-- [ RunTime:0.002000s ]
SQL: SHOW COLUMNS FROM `by_user` [ RunTime:0.0050s ]
SQL: SELECT * FROM `by_user` WHERE ( login_id='qz0002' ) LIMIT 1   [ RunTime:0.0010s ]

[ 2017-12-12T17:15:26+08:00 ] ::1 /wechat/index.php/Home/Login/loginCheck.html
INFO: [ app_init ] --START--
INFO: Run Behavior\BuildLiteBehavior [ RunTime:0.000000s ]
INFO: [ app_init ] --END-- [ RunTime:0.001000s ]
INFO: [ app_begin ] --START--
INFO: Run Behavior\ReadHtmlCacheBehavior [ RunTime:0.001000s ]
INFO: Run Behavior\CheckLangBehavior [ RunTime:0.001000s ]
INFO: [ app_begin ] --END-- [ RunTime:0.002000s ]
SQL: SHOW COLUMNS FROM `by_user` [ RunTime:0.0060s ]
SQL: SELECT * FROM `by_user` WHERE ( login_id='qz0002' ) LIMIT 1   [ RunTime:0.0000s ]

[ 2017-12-12T17:15:26+08:00 ] ::1 /wechat/index.php/Home/Index/agent.html
INFO: [ app_init ] --START--
INFO: Run Behavior\BuildLiteBehavior [ RunTime:0.000000s ]
INFO: [ app_init ] --END-- [ RunTime:0.001000s ]
INFO: [ app_begin ] --START--
INFO: Run Behavior\ReadHtmlCacheBehavior [ RunTime:0.000000s ]
INFO: Run Behavior\CheckLangBehavior [ RunTime:0.001000s ]
INFO: [ app_begin ] --END-- [ RunTime:0.001000s ]
SQL: SHOW COLUMNS FROM `by_user` [ RunTime:0.0060s ]
SQL: SELECT `game_id`,`create_time` FROM `by_user` WHERE ( refer='1001' )  [ RunTime:0.0000s ]
NOTIC: [2] Illegal offset type in isset or empty C:\xampp\htdocs\wechat\ThinkPHP\Library\Think\Model.class.php 第 445 行.
SQL: UPDATE `by_user` SET `sub_player`=sub_player+0 WHERE ( agent_id='1001' ) [ RunTime:0.0080s ]
SQL: SHOW COLUMNS FROM `by_agent` [ RunTime:0.0040s ]
SQL: SELECT * FROM `by_user` WHERE ( login_id='qz0002' ) LIMIT 1   [ RunTime:0.0000s ]
SQL: SELECT * FROM `by_agent` WHERE ( role='4' ) LIMIT 1   [ RunTime:0.0000s ]
SQL: SELECT `login_id`,`name`,`agent_id`,`tea_name`,`city` FROM `by_user` WHERE ( refer='1001' ) ORDER BY create_time desc  [ RunTime:0.0000s ]
NOTIC: [8] Undefined index: total_rebate C:\xampp\htdocs\wechat\App\Home\Controller\IndexController.class.php 第 55 行.
INFO: [ view_parse ] --START--
INFO: [ template_filter ] --START--
INFO: Run Behavior\ContentReplaceBehavior [ RunTime:0.000000s ]
INFO: [ template_filter ] --END-- [ RunTime:0.000000s ]
INFO: Run Behavior\ParseTemplateBehavior [ RunTime:0.011000s ]
INFO: [ view_parse ] --END-- [ RunTime:0.011000s ]
INFO: [ view_filter ] --START--
INFO: Run Behavior\WriteHtmlCacheBehavior [ RunTime:0.000000s ]
INFO: [ view_filter ] --END-- [ RunTime:0.001000s ]
INFO: [ app_end ] --START--
INFO: Run Behavior\ShowPageTraceBehavior [ RunTime:0.000000s ]
INFO: [ app_end ] --END-- [ RunTime:0.001000s ]

[ 2017-12-12T17:15:30+08:00 ] ::1 /wechat/index.php/Home/Index/agentDetail.html?agent_id=1072
INFO: [ app_init ] --START--
INFO: Run Behavior\BuildLiteBehavior [ RunTime:0.000000s ]
INFO: [ app_init ] --END-- [ RunTime:0.000000s ]
INFO: [ app_begin ] --START--
INFO: Run Behavior\ReadHtmlCacheBehavior [ RunTime:0.000000s ]
INFO: Run Behavior\CheckLangBehavior [ RunTime:0.000000s ]
INFO: [ app_begin ] --END-- [ RunTime:0.001000s ]
SQL: SHOW COLUMNS FROM `by_user` [ RunTime:0.0090s ]
SQL: SELECT * FROM `by_user` WHERE ( agent_id='1072' ) LIMIT 1   [ RunTime:0.0010s ]
NOTIC: [8] Undefined index: code C:\xampp\htdocs\wechat\App\Home\Controller\IndexController.class.php 第 115 行.
NOTIC: [2048] Declaration of Home\Controller\PublicController::show() should be compatible with Think\Controller::show($content, $charset = '', $contentType = '', $prefix = '') C:\xampp\htdocs\wechat\App\Home\Controller\PublicController.class.php 第 520 行.
NOTIC: [2] curl_error(): 35 is not a valid cURL handle resource C:\xampp\htdocs\wechat\App\Home\Controller\PublicController.class.php 第 339 行.
NOTIC: [2] curl_error(): 36 is not a valid cURL handle resource C:\xampp\htdocs\wechat\App\Home\Controller\PublicController.class.php 第 339 行.
INFO: [ view_parse ] --START--
INFO: [ template_filter ] --START--
INFO: Run Behavior\ContentReplaceBehavior [ RunTime:0.001000s ]
INFO: [ template_filter ] --END-- [ RunTime:0.001000s ]
INFO: Run Behavior\ParseTemplateBehavior [ RunTime:0.030000s ]
INFO: [ view_parse ] --END-- [ RunTime:0.030000s ]
INFO: [ view_filter ] --START--
INFO: Run Behavior\WriteHtmlCacheBehavior [ RunTime:0.001000s ]
INFO: [ view_filter ] --END-- [ RunTime:0.001000s ]
INFO: [ app_end ] --START--
INFO: Run Behavior\ShowPageTraceBehavior [ RunTime:0.001000s ]
INFO: [ app_end ] --END-- [ RunTime:0.001000s ]

[ 2017-12-12T17:15:32+08:00 ] ::1 /wechat/index.php/Home/Index/agentInfo.html
INFO: [ app_init ] --START--
INFO: Run Behavior\BuildLiteBehavior [ RunTime:0.000000s ]
INFO: [ app_init ] --END-- [ RunTime:0.001000s ]
INFO: [ app_begin ] --START--
INFO: Run Behavior\ReadHtmlCacheBehavior [ RunTime:0.001000s ]
INFO: Run Behavior\CheckLangBehavior [ RunTime:0.001000s ]
INFO: [ app_begin ] --END-- [ RunTime:0.002000s ]
SQL: SHOW COLUMNS FROM `by_user` [ RunTime:0.0060s ]
SQL: SELECT * FROM `by_user` WHERE ( login_id='qz0002' ) LIMIT 1   [ RunTime:0.0000s ]
SQL: SELECT * FROM `by_user` WHERE ( agent_id='1001' ) LIMIT 1   [ RunTime:0.0000s ]
NOTIC: [2048] Declaration of Home\Controller\PublicController::show() should be compatible with Think\Controller::show($content, $charset = '', $contentType = '', $prefix = '') C:\xampp\htdocs\wechat\App\Home\Controller\PublicController.class.php 第 520 行.
NOTIC: [2] curl_error(): 34 is not a valid cURL handle resource C:\xampp\htdocs\wechat\App\Home\Controller\PublicController.class.php 第 339 行.
NOTIC: [2] curl_error(): 35 is not a valid cURL handle resource C:\xampp\htdocs\wechat\App\Home\Controller\PublicController.class.php 第 339 行.
INFO: [ view_parse ] --START--
INFO: [ template_filter ] --START--
INFO: Run Behavior\ContentReplaceBehavior [ RunTime:0.000000s ]
INFO: [ template_filter ] --END-- [ RunTime:0.000000s ]
INFO: Run Behavior\ParseTemplateBehavior [ RunTime:0.030000s ]
INFO: [ view_parse ] --END-- [ RunTime:0.031000s ]
INFO: [ view_filter ] --START--
INFO: Run Behavior\WriteHtmlCacheBehavior [ RunTime:0.001000s ]
INFO: [ view_filter ] --END-- [ RunTime:0.002000s ]
INFO: [ app_end ] --START--
INFO: Run Behavior\ShowPageTraceBehavior [ RunTime:0.002000s ]
INFO: [ app_end ] --END-- [ RunTime:0.002000s ]

[ 2017-12-12T17:15:40+08:00 ] ::1 /wechat/index.php/Home/Index/sendCode.html
INFO: [ app_init ] --START--
INFO: Run Behavior\BuildLiteBehavior [ RunTime:0.000000s ]
INFO: [ app_init ] --END-- [ RunTime:0.000000s ]
INFO: [ app_begin ] --START--
INFO: Run Behavior\ReadHtmlCacheBehavior [ RunTime:0.001000s ]
INFO: Run Behavior\CheckLangBehavior [ RunTime:0.000000s ]
INFO: [ app_begin ] --END-- [ RunTime:0.001000s ]

[ 2017-12-12T17:20:29+08:00 ] ::1 /wechat/index.php/Home/Index/agentInfo.html
INFO: [ app_init ] --START--
INFO: Run Behavior\BuildLiteBehavior [ RunTime:0.000000s ]
INFO: [ app_init ] --END-- [ RunTime:0.001000s ]
INFO: [ app_begin ] --START--
INFO: Run Behavior\ReadHtmlCacheBehavior [ RunTime:0.001000s ]
INFO: Run Behavior\CheckLangBehavior [ RunTime:0.001000s ]
INFO: [ app_begin ] --END-- [ RunTime:0.002000s ]
SQL: SHOW COLUMNS FROM `by_user` [ RunTime:0.0060s ]
SQL: SELECT * FROM `by_user` WHERE ( login_id='qz0002' ) LIMIT 1   [ RunTime:0.0000s ]
SQL: SELECT * FROM `by_user` WHERE ( agent_id='1001' ) LIMIT 1   [ RunTime:0.0000s ]
NOTIC: [2048] Declaration of Home\Controller\PublicController::show() should be compatible with Think\Controller::show($content, $charset = '', $contentType = '', $prefix = '') C:\xampp\htdocs\wechat\App\Home\Controller\PublicController.class.php 第 520 行.
NOTIC: [2] curl_error(): 34 is not a valid cURL handle resource C:\xampp\htdocs\wechat\App\Home\Controller\PublicController.class.php 第 339 行.
NOTIC: [2] curl_error(): 35 is not a valid cURL handle resource C:\xampp\htdocs\wechat\App\Home\Controller\PublicController.class.php 第 339 行.
INFO: [ view_parse ] --START--
INFO: [ template_filter ] --START--
INFO: Run Behavior\ContentReplaceBehavior [ RunTime:0.000000s ]
INFO: [ template_filter ] --END-- [ RunTime:0.000000s ]
INFO: Run Behavior\ParseTemplateBehavior [ RunTime:0.033000s ]
INFO: [ view_parse ] --END-- [ RunTime:0.033000s ]
INFO: [ view_filter ] --START--
INFO: Run Behavior\WriteHtmlCacheBehavior [ RunTime:0.001000s ]
INFO: [ view_filter ] --END-- [ RunTime:0.001000s ]
INFO: [ app_end ] --START--
INFO: Run Behavior\ShowPageTraceBehavior [ RunTime:0.002000s ]
INFO: [ app_end ] --END-- [ RunTime:0.002000s ]

[ 2017-12-12T17:20:32+08:00 ] ::1 /wechat/index.php/Home/Index/agentInfo.html
INFO: [ app_init ] --START--
INFO: Run Behavior\BuildLiteBehavior [ RunTime:0.000000s ]
INFO: [ app_init ] --END-- [ RunTime:0.000000s ]
INFO: [ app_begin ] --START--
INFO: Run Behavior\ReadHtmlCacheBehavior [ RunTime:0.000000s ]
INFO: Run Behavior\CheckLangBehavior [ RunTime:0.002000s ]
INFO: [ app_begin ] --END-- [ RunTime:0.002000s ]
SQL: SHOW COLUMNS FROM `by_user` [ RunTime:0.0060s ]
SQL: SELECT * FROM `by_user` WHERE ( login_id='qz0002' ) LIMIT 1   [ RunTime:0.0000s ]
SQL: SELECT * FROM `by_user` WHERE ( agent_id='1001' ) LIMIT 1   [ RunTime:0.0000s ]
NOTIC: [2048] Declaration of Home\Controller\PublicController::show() should be compatible with Think\Controller::show($content, $charset = '', $contentType = '', $prefix = '') C:\xampp\htdocs\wechat\App\Home\Controller\PublicController.class.php 第 520 行.
NOTIC: [2] curl_error(): 36 is not a valid cURL handle resource C:\xampp\htdocs\wechat\App\Home\Controller\PublicController.class.php 第 339 行.
NOTIC: [2] curl_error(): 37 is not a valid cURL handle resource C:\xampp\htdocs\wechat\App\Home\Controller\PublicController.class.php 第 339 行.
INFO: [ view_parse ] --START--
INFO: [ template_filter ] --START--
INFO: Run Behavior\ContentReplaceBehavior [ RunTime:0.000000s ]
INFO: [ template_filter ] --END-- [ RunTime:0.001000s ]
INFO: Run Behavior\ParseTemplateBehavior [ RunTime:0.009000s ]
INFO: [ view_parse ] --END-- [ RunTime:0.009000s ]
INFO: [ view_filter ] --START--
INFO: Run Behavior\WriteHtmlCacheBehavior [ RunTime:0.001000s ]
INFO: [ view_filter ] --END-- [ RunTime:0.001000s ]
INFO: [ app_end ] --START--
INFO: Run Behavior\ShowPageTraceBehavior [ RunTime:0.000000s ]
INFO: [ app_end ] --END-- [ RunTime:0.000000s ]

[ 2017-12-12T18:11:50+08:00 ] ::1 /wechat/index.php/Home/Index/agentInfo.html
INFO: [ app_init ] --START--
INFO: Run Behavior\BuildLiteBehavior [ RunTime:0.000000s ]
INFO: [ app_init ] --END-- [ RunTime:0.001000s ]
INFO: [ app_begin ] --START--
INFO: Run Behavior\ReadHtmlCacheBehavior [ RunTime:0.001000s ]
INFO: Run Behavior\CheckLangBehavior [ RunTime:0.001000s ]
INFO: [ app_begin ] --END-- [ RunTime:0.002000s ]
SQL: SHOW COLUMNS FROM `by_user` [ RunTime:0.0080s ]
SQL: SELECT * FROM `by_user` WHERE ( login_id='qz0002' ) LIMIT 1   [ RunTime:0.0000s ]
SQL: SELECT * FROM `by_user` WHERE ( agent_id='1001' ) LIMIT 1   [ RunTime:0.0010s ]
NOTIC: [2048] Declaration of Home\Controller\PublicController::show() should be compatible with Think\Controller::show($content, $charset = '', $contentType = '', $prefix = '') C:\xampp\htdocs\wechat\App\Home\Controller\PublicController.class.php 第 520 行.
NOTIC: [2] curl_error(): 34 is not a valid cURL handle resource C:\xampp\htdocs\wechat\App\Home\Controller\PublicController.class.php 第 339 行.
NOTIC: [2] curl_error(): 35 is not a valid cURL handle resource C:\xampp\htdocs\wechat\App\Home\Controller\PublicController.class.php 第 339 行.
INFO: [ view_parse ] --START--
INFO: [ template_filter ] --START--
INFO: Run Behavior\ContentReplaceBehavior [ RunTime:0.001000s ]
INFO: [ template_filter ] --END-- [ RunTime:0.001000s ]
INFO: Run Behavior\ParseTemplateBehavior [ RunTime:0.041000s ]
INFO: [ view_parse ] --END-- [ RunTime:0.041000s ]
INFO: [ view_filter ] --START--
INFO: Run Behavior\WriteHtmlCacheBehavior [ RunTime:0.002000s ]
INFO: [ view_filter ] --END-- [ RunTime:0.002000s ]
INFO: [ app_end ] --START--
INFO: Run Behavior\ShowPageTraceBehavior [ RunTime:0.004000s ]
INFO: [ app_end ] --END-- [ RunTime:0.004000s ]

[ 2017-12-12T18:19:58+08:00 ] ::1 /wechat/index.php/wechat/index.php/Admin/Main/main.html.html
INFO: [ app_init ] --START--
INFO: Run Behavior\BuildLiteBehavior [ RunTime:0.000000s ]
INFO: [ app_init ] --END-- [ RunTime:0.000000s ]
INFO: [ app_begin ] --START--
INFO: Run Behavior\ReadHtmlCacheBehavior [ RunTime:0.000000s ]
INFO: Run Behavior\CheckLangBehavior [ RunTime:0.000000s ]
INFO: [ app_begin ] --END-- [ RunTime:0.000000s ]
ERR: 无法加载控制器:Wechat

